[2022-06-09 23:07:02Z INFO HostContext] No proxy settings were found based on environmental variables (http_proxy/https_proxy/HTTP_PROXY/HTTPS_PROXY)
[2022-06-09 23:07:02Z INFO HostContext] Well known directory 'Bin': 'C:\codespace\2022\learn_git_actions\actions-runner\bin'
[2022-06-09 23:07:02Z INFO HostContext] Well known directory 'Root': 'C:\codespace\2022\learn_git_actions\actions-runner'
[2022-06-09 23:07:02Z INFO HostContext] Well known config file 'Credentials': 'C:\codespace\2022\learn_git_actions\actions-runner\.credentials'
[2022-06-09 23:07:02Z INFO HostContext] Well known directory 'Bin': 'C:\codespace\2022\learn_git_actions\actions-runner\bin'
[2022-06-09 23:07:02Z INFO HostContext] Well known directory 'Root': 'C:\codespace\2022\learn_git_actions\actions-runner'
[2022-06-09 23:07:02Z INFO HostContext] Well known config file 'Runner': 'C:\codespace\2022\learn_git_actions\actions-runner\.runner'
[2022-06-09 23:07:02Z INFO Listener] Runner is built for Windows (X64) - win-x64.
[2022-06-09 23:07:02Z INFO Listener] RuntimeInformation: Microsoft Windows 10.0.19043.
[2022-06-09 23:07:02Z INFO Listener] Version: 2.292.0
[2022-06-09 23:07:02Z INFO Listener] Commit: d4b794dd645e16990ae0530bf977e26ab24be9d9
[2022-06-09 23:07:02Z INFO Listener] Culture: zh-TW
[2022-06-09 23:07:02Z INFO Listener] UI Culture: zh-TW
[2022-06-09 23:07:02Z INFO HostContext] Well known directory 'Bin': 'C:\codespace\2022\learn_git_actions\actions-runner\bin'
[2022-06-09 23:07:02Z INFO HostContext] Well known directory 'Root': 'C:\codespace\2022\learn_git_actions\actions-runner'
[2022-06-09 23:07:02Z INFO Listener] Validating directory permissions for: 'C:\codespace\2022\learn_git_actions\actions-runner'
[2022-06-09 23:07:02Z INFO CommandLineParser] Parse
[2022-06-09 23:07:02Z INFO CommandLineParser] Parsing 5 args
[2022-06-09 23:07:02Z INFO CommandLineParser] parsing argument
[2022-06-09 23:07:02Z INFO CommandLineParser] HasArgs: False
[2022-06-09 23:07:02Z INFO CommandLineParser] Adding Command: configure
[2022-06-09 23:07:02Z INFO CommandLineParser] parsing argument
[2022-06-09 23:07:02Z INFO CommandLineParser] HasArgs: True
[2022-06-09 23:07:02Z INFO CommandLineParser] arg: url
[2022-06-09 23:07:02Z INFO CommandLineParser] parsing argument
[2022-06-09 23:07:02Z INFO CommandLineParser] HasArgs: True
[2022-06-09 23:07:02Z INFO CommandLineParser] Adding option 'url': 'https://github.com/paulciou-atop/test_github_actions2'
[2022-06-09 23:07:02Z INFO CommandLineParser] parsing argument
[2022-06-09 23:07:02Z INFO CommandLineParser] HasArgs: True
[2022-06-09 23:07:02Z INFO CommandLineParser] arg: token
[2022-06-09 23:07:02Z INFO CommandLineParser] parsing argument
[2022-06-09 23:07:02Z INFO CommandLineParser] HasArgs: True
[2022-06-09 23:07:02Z INFO CommandLineParser] Adding option 'token': '***'
[2022-06-09 23:07:02Z INFO Listener] Arguments parsed
[2022-06-09 23:07:02Z INFO Runner] ExecuteCommand
[2022-06-09 23:07:02Z INFO ConfigurationStore] currentAssemblyLocation: C:\codespace\2022\learn_git_actions\actions-runner\bin\Runner.Listener.dll
[2022-06-09 23:07:02Z INFO HostContext] Well known directory 'Bin': 'C:\codespace\2022\learn_git_actions\actions-runner\bin'
[2022-06-09 23:07:02Z INFO ConfigurationStore] binPath: C:\codespace\2022\learn_git_actions\actions-runner\bin
[2022-06-09 23:07:02Z INFO HostContext] Well known directory 'Bin': 'C:\codespace\2022\learn_git_actions\actions-runner\bin'
[2022-06-09 23:07:02Z INFO HostContext] Well known directory 'Root': 'C:\codespace\2022\learn_git_actions\actions-runner'
[2022-06-09 23:07:02Z INFO ConfigurationStore] RootFolder: C:\codespace\2022\learn_git_actions\actions-runner
[2022-06-09 23:07:02Z INFO HostContext] Well known directory 'Bin': 'C:\codespace\2022\learn_git_actions\actions-runner\bin'
[2022-06-09 23:07:02Z INFO HostContext] Well known directory 'Root': 'C:\codespace\2022\learn_git_actions\actions-runner'
[2022-06-09 23:07:02Z INFO HostContext] Well known config file 'Runner': 'C:\codespace\2022\learn_git_actions\actions-runner\.runner'
[2022-06-09 23:07:02Z INFO ConfigurationStore] ConfigFilePath: C:\codespace\2022\learn_git_actions\actions-runner\.runner
[2022-06-09 23:07:02Z INFO HostContext] Well known directory 'Bin': 'C:\codespace\2022\learn_git_actions\actions-runner\bin'
[2022-06-09 23:07:02Z INFO HostContext] Well known directory 'Root': 'C:\codespace\2022\learn_git_actions\actions-runner'
[2022-06-09 23:07:02Z INFO HostContext] Well known config file 'Credentials': 'C:\codespace\2022\learn_git_actions\actions-runner\.credentials'
[2022-06-09 23:07:02Z INFO ConfigurationStore] CredFilePath: C:\codespace\2022\learn_git_actions\actions-runner\.credentials
[2022-06-09 23:07:02Z INFO HostContext] Well known directory 'Bin': 'C:\codespace\2022\learn_git_actions\actions-runner\bin'
[2022-06-09 23:07:02Z INFO HostContext] Well known directory 'Root': 'C:\codespace\2022\learn_git_actions\actions-runner'
[2022-06-09 23:07:02Z INFO HostContext] Well known config file 'MigratedCredentials': 'C:\codespace\2022\learn_git_actions\actions-runner\.credentials_migrated'
[2022-06-09 23:07:02Z INFO ConfigurationStore] MigratedCredFilePath: C:\codespace\2022\learn_git_actions\actions-runner\.credentials_migrated
[2022-06-09 23:07:02Z INFO HostContext] Well known directory 'Bin': 'C:\codespace\2022\learn_git_actions\actions-runner\bin'
[2022-06-09 23:07:02Z INFO HostContext] Well known directory 'Root': 'C:\codespace\2022\learn_git_actions\actions-runner'
[2022-06-09 23:07:02Z INFO HostContext] Well known config file 'Service': 'C:\codespace\2022\learn_git_actions\actions-runner\.service'
[2022-06-09 23:07:02Z INFO ConfigurationStore] ServiceConfigFilePath: C:\codespace\2022\learn_git_actions\actions-runner\.service
[2022-06-09 23:07:02Z INFO CommandSettings] Flag 'help': 'False'
[2022-06-09 23:07:02Z INFO CommandSettings] Flag 'version': 'False'
[2022-06-09 23:07:02Z INFO CommandSettings] Flag 'commit': 'False'
[2022-06-09 23:07:02Z INFO CommandSettings] Flag 'check': 'False'
[2022-06-09 23:07:02Z INFO CommandSettings] Command 'configure': 'True'
[2022-06-09 23:07:02Z INFO Terminal] WRITE LINE: 
[2022-06-09 23:07:02Z INFO Terminal] WRITE LINE: --------------------------------------------------------------------------------
[2022-06-09 23:07:02Z INFO Terminal] WRITE LINE: |        ____ _ _   _   _       _          _        _   _                      |
[2022-06-09 23:07:02Z INFO Terminal] WRITE LINE: |       / ___(_) |_| | | |_   _| |__      / \   ___| |_(_) ___  _ __  ___      |
[2022-06-09 23:07:02Z INFO Terminal] WRITE LINE: |      | |  _| | __| |_| | | | | '_ \    / _ \ / __| __| |/ _ \| '_ \/ __|     |
[2022-06-09 23:07:02Z INFO Terminal] WRITE LINE: |      | |_| | | |_|  _  | |_| | |_) |  / ___ \ (__| |_| | (_) | | | \__ \     |
[2022-06-09 23:07:02Z INFO Terminal] WRITE LINE: |       \____|_|\__|_| |_|\__,_|_.__/  /_/   \_\___|\__|_|\___/|_| |_|___/     |
[2022-06-09 23:07:02Z INFO Terminal] WRITE LINE: |                                                                              |
[2022-06-09 23:07:02Z INFO Terminal] WRITE: |                       
[2022-06-09 23:07:02Z INFO Terminal] WRITE: Self-hosted runner registration
[2022-06-09 23:07:02Z INFO Terminal] WRITE LINE:                         |
[2022-06-09 23:07:02Z INFO Terminal] WRITE LINE: |                                                                              |
[2022-06-09 23:07:02Z INFO Terminal] WRITE LINE: --------------------------------------------------------------------------------
[2022-06-09 23:07:02Z INFO ConfigurationManager] ConfigureAsync
[2022-06-09 23:07:02Z INFO ConfigurationStore] IsConfigured()
[2022-06-09 23:07:02Z INFO ConfigurationStore] IsConfigured: False
[2022-06-09 23:07:02Z INFO ConfigurationManager] Is configured: False
[2022-06-09 23:07:02Z INFO CommandSettings] Arg 'url': 'https://github.com/paulciou-atop/test_github_actions2'
[2022-06-09 23:07:02Z INFO CommandSettings] Remove url from Arg dictionary.
[2022-06-09 23:07:02Z INFO CommandSettings] Arg 'token': '***'
[2022-06-09 23:07:02Z INFO CommandSettings] Remove token from Arg dictionary.
[2022-06-09 23:07:03Z INFO ConfigurationManager] Http response code: OK from 'POST https://api.github.com/actions/runner-registration'
[2022-06-09 23:07:03Z INFO ConfigurationManager] cred retrieved via GitHub auth
[2022-06-09 23:07:03Z INFO RunnerServer] Establish connection with 100 seconds timeout.
[2022-06-09 23:07:03Z INFO GitHubActionsService] Starting operation Location.GetConnectionData
[2022-06-09 23:07:03Z INFO RunnerServer] Establish connection with 60 seconds timeout.
[2022-06-09 23:07:03Z INFO GitHubActionsService] Starting operation Location.GetConnectionData
[2022-06-09 23:07:03Z INFO RunnerServer] Establish connection with 60 seconds timeout.
[2022-06-09 23:07:03Z INFO GitHubActionsService] Starting operation Location.GetConnectionData
[2022-06-09 23:07:04Z INFO GitHubActionsService] Finished operation Location.GetConnectionData
[2022-06-09 23:07:04Z INFO GitHubActionsService] Finished operation Location.GetConnectionData
[2022-06-09 23:07:04Z INFO GitHubActionsService] Finished operation Location.GetConnectionData
[2022-06-09 23:07:04Z INFO Terminal] WRITE LINE: 
[2022-06-09 23:07:04Z INFO ConfigurationManager] Test Connection complete.
[2022-06-09 23:07:04Z INFO HostContext] Well known directory 'Bin': 'C:\codespace\2022\learn_git_actions\actions-runner\bin'
[2022-06-09 23:07:04Z INFO HostContext] Well known directory 'Root': 'C:\codespace\2022\learn_git_actions\actions-runner'
[2022-06-09 23:07:04Z INFO HostContext] Well known config file 'RSACredentials': 'C:\codespace\2022\learn_git_actions\actions-runner\.credentials_rsaparams'
[2022-06-09 23:07:04Z INFO RSAEncryptedFileKeyManager] Creating new RSA key using 2048-bit key length
[2022-06-09 23:07:05Z INFO RSAEncryptedFileKeyManager] Successfully saved RSA key parameters to file C:\codespace\2022\learn_git_actions\actions-runner\.credentials_rsaparams
[2022-06-09 23:07:05Z INFO CommandSettings] Arg 'runnergroup': ''
[2022-06-09 23:07:05Z INFO CommandSettings] Flag 'unattended': 'False'
[2022-06-09 23:07:05Z INFO PromptManager] ReadValue
[2022-06-09 23:07:05Z INFO Terminal] WRITE: Enter the name of the runner group to add this runner to: 
[2022-06-09 23:07:05Z INFO Terminal] WRITE: [press Enter for Default] 
[2022-06-09 23:07:05Z INFO Terminal] READ LINE
[2022-06-09 23:14:10Z INFO Terminal] Read value: ''
[2022-06-09 23:14:10Z INFO PromptManager] Falling back to the default: 'Default'
[2022-06-09 23:14:10Z INFO Terminal] WRITE LINE: 
[2022-06-09 23:14:10Z INFO ConfigurationManager] Found a self-hosted runner group with id 1 and name Default
[2022-06-09 23:14:10Z INFO CommandSettings] Flag 'disableupdate': 'False'
[2022-06-09 23:14:10Z INFO CommandSettings] Flag 'ephemeral': 'False'
[2022-06-09 23:14:10Z INFO CommandSettings] Arg 'name': ''
[2022-06-09 23:14:10Z INFO CommandSettings] Flag 'unattended': 'False'
[2022-06-09 23:14:10Z INFO PromptManager] ReadValue
[2022-06-09 23:14:10Z INFO Terminal] WRITE: Enter the name of runner: 
[2022-06-09 23:14:10Z INFO Terminal] WRITE: [press Enter for POBLE-NB] 
[2022-06-09 23:14:10Z INFO Terminal] READ LINE
[2022-06-09 23:14:38Z INFO Terminal] Read value: 'nms-test-runner'
[2022-06-09 23:14:38Z INFO Terminal] WRITE LINE: 
[2022-06-09 23:14:38Z INFO CommandSettings] Arg 'labels': ''
[2022-06-09 23:14:38Z INFO CommandSettings] Flag 'unattended': 'False'
[2022-06-09 23:14:38Z INFO PromptManager] ReadValue
[2022-06-09 23:14:38Z INFO Terminal] WRITE: This runner will have the following labels: 'self-hosted', 'Windows', 'X64' 
Enter any additional labels (ex. label-1,label-2): 
[2022-06-09 23:14:38Z INFO Terminal] WRITE: [press Enter to skip] 
[2022-06-09 23:14:38Z INFO Terminal] READ LINE
[2022-06-09 23:14:50Z INFO Terminal] Read value: 'nms'
[2022-06-09 23:14:50Z INFO Terminal] WRITE LINE: 
[2022-06-09 23:14:51Z INFO CommandSettings] Flag 'disableupdate': 'False'
[2022-06-09 23:14:52Z INFO CommandSettings] Flag 'disableupdate': 'False'
[2022-06-09 23:14:52Z INFO CommandSettings] Flag 'ephemeral': 'False'
[2022-06-09 23:14:52Z INFO ConfigurationStore] Saving OAuth credential @ C:\codespace\2022\learn_git_actions\actions-runner\.credentials
[2022-06-09 23:14:52Z INFO ConfigurationStore] Credentials Saved.
[2022-06-09 23:14:52Z INFO ConfigurationStore] HasCredentials()
[2022-06-09 23:14:52Z INFO ConfigurationStore] stored True
[2022-06-09 23:14:52Z INFO CredentialManager] GetCredentialProvider
[2022-06-09 23:14:52Z INFO CredentialManager] Creating type OAuth
[2022-06-09 23:14:52Z INFO CredentialManager] Creating credential type: OAuth
[2022-06-09 23:14:52Z INFO RSAEncryptedFileKeyManager] Loading RSA key parameters from file C:\codespace\2022\learn_git_actions\actions-runner\.credentials_rsaparams
[2022-06-09 23:14:52Z INFO RunnerServer] Establish connection with 100 seconds timeout.
[2022-06-09 23:14:52Z INFO GitHubActionsService] Starting operation Location.GetConnectionData
[2022-06-09 23:14:52Z INFO RunnerServer] Establish connection with 60 seconds timeout.
[2022-06-09 23:14:52Z INFO GitHubActionsService] Starting operation Location.GetConnectionData
[2022-06-09 23:14:52Z INFO RunnerServer] Establish connection with 60 seconds timeout.
[2022-06-09 23:14:52Z INFO GitHubActionsService] Starting operation Location.GetConnectionData
[2022-06-09 23:14:52Z INFO GitHubActionsService] Finished operation Location.GetConnectionData
[2022-06-09 23:14:52Z INFO GitHubActionsService] Finished operation Location.GetConnectionData
[2022-06-09 23:14:52Z INFO GitHubActionsService] Finished operation Location.GetConnectionData
[2022-06-09 23:14:53Z WARN GitHubActionsService] Authentication failed with status code 401.
Transfer-Encoding: chunked
WWW-Authenticate: Bearer
Strict-Transport-Security: max-age=2592000
X-TFS-ProcessId: 76985b9b-cc48-45e9-8193-cb486386790c
ActivityId: bac578f1-ad80-4d6e-abc4-d8a69c5c202d
X-TFS-Session: 30475991-713e-4459-843b-cbe81a0806f5
X-VSS-E2EID: 82e91f0d-9132-4c5e-a323-36d04a670281
X-VSS-SenderDeploymentId: 6be79bb9-f6f7-24a7-0b27-e718f2ab4200
X-TFS-ServiceError: The+user+%27System%3aPublicAccess%3baaaaaaaa-aaaa-aaaa-aaaa-aaaaaaaaaaaa%27+is+not+authorized+to+access+this+resource.
X-VSS-S2STargetService: 0000005A-0000-8888-8000-000000000000/visualstudio.com
X-Cache: CONFIG_NOCACHE
X-MSEdge-Ref: Ref A: F53AC686869843DF9A7DBCD7642EA1EE Ref B: TPE31EDGE0418 Ref C: 2022-06-09T23:14:53Z
Date: Thu, 09 Jun 2022 23:14:52 GMT

[2022-06-09 23:14:53Z INFO RSAEncryptedFileKeyManager] Loading RSA key parameters from file C:\codespace\2022\learn_git_actions\actions-runner\.credentials_rsaparams
[2022-06-09 23:14:53Z INFO RSAEncryptedFileKeyManager] Loading RSA key parameters from file C:\codespace\2022\learn_git_actions\actions-runner\.credentials_rsaparams
[2022-06-09 23:14:53Z INFO GitHubActionsService] AAD Correlation ID for this token request: Unknown
[2022-06-09 23:14:53Z INFO CommandSettings] Arg 'work': ''
[2022-06-09 23:14:53Z INFO CommandSettings] Flag 'unattended': 'False'
[2022-06-09 23:14:53Z INFO PromptManager] ReadValue
[2022-06-09 23:14:53Z INFO Terminal] WRITE: Enter name of work folder: 
[2022-06-09 23:14:53Z INFO Terminal] WRITE: [press Enter for _work] 
[2022-06-09 23:14:53Z INFO Terminal] READ LINE
[2022-06-09 23:15:01Z INFO Terminal] Read value: ''
[2022-06-09 23:15:01Z INFO PromptManager] Falling back to the default: '_work'
[2022-06-09 23:15:01Z INFO ConfigurationStore] Saving runner settings.
[2022-06-09 23:15:01Z INFO ConfigurationStore] Settings Saved.
[2022-06-09 23:15:01Z INFO Terminal] WRITE LINE: 
[2022-06-09 23:15:01Z INFO Terminal] WRITE LINE: 
[2022-06-09 23:15:01Z INFO CommandSettings] Flag 'runasservice': 'False'
[2022-06-09 23:15:01Z INFO CommandSettings] Flag 'unattended': 'False'
[2022-06-09 23:15:01Z INFO PromptManager] ReadValue
[2022-06-09 23:15:01Z INFO Terminal] WRITE: Would you like to run the runner as service? (Y/N) 
[2022-06-09 23:15:01Z INFO Terminal] WRITE: [press Enter for N] 
[2022-06-09 23:15:01Z INFO Terminal] READ LINE
[2022-06-09 23:16:42Z INFO Terminal] Read value: ''
[2022-06-09 23:16:42Z INFO PromptManager] Falling back to the default: 'N'
[2022-06-09 23:16:42Z INFO Listener] Runner execution has finished with return code 0
