[2022-06-09 23:16:52Z INFO HostContext] No proxy settings were found based on environmental variables (http_proxy/https_proxy/HTTP_PROXY/HTTPS_PROXY)
[2022-06-09 23:16:52Z INFO HostContext] Well known directory 'Bin': 'C:\codespace\2022\learn_git_actions\actions-runner\bin'
[2022-06-09 23:16:52Z INFO HostContext] Well known directory 'Root': 'C:\codespace\2022\learn_git_actions\actions-runner'
[2022-06-09 23:16:52Z INFO HostContext] Well known config file 'Credentials': 'C:\codespace\2022\learn_git_actions\actions-runner\.credentials'
[2022-06-09 23:16:53Z INFO HostContext] Well known directory 'Bin': 'C:\codespace\2022\learn_git_actions\actions-runner\bin'
[2022-06-09 23:16:53Z INFO HostContext] Well known directory 'Root': 'C:\codespace\2022\learn_git_actions\actions-runner'
[2022-06-09 23:16:53Z INFO HostContext] Well known config file 'Runner': 'C:\codespace\2022\learn_git_actions\actions-runner\.runner'
[2022-06-09 23:16:53Z INFO Listener] Runner is built for Windows (X64) - win-x64.
[2022-06-09 23:16:53Z INFO Listener] RuntimeInformation: Microsoft Windows 10.0.19043.
[2022-06-09 23:16:53Z INFO Listener] Version: 2.292.0
[2022-06-09 23:16:53Z INFO Listener] Commit: d4b794dd645e16990ae0530bf977e26ab24be9d9
[2022-06-09 23:16:53Z INFO Listener] Culture: zh-TW
[2022-06-09 23:16:53Z INFO Listener] UI Culture: zh-TW
[2022-06-09 23:16:53Z INFO HostContext] Well known directory 'Bin': 'C:\codespace\2022\learn_git_actions\actions-runner\bin'
[2022-06-09 23:16:53Z INFO HostContext] Well known directory 'Root': 'C:\codespace\2022\learn_git_actions\actions-runner'
[2022-06-09 23:16:53Z INFO Listener] Validating directory permissions for: 'C:\codespace\2022\learn_git_actions\actions-runner'
[2022-06-09 23:16:53Z INFO CommandLineParser] Parse
[2022-06-09 23:16:53Z INFO CommandLineParser] Parsing 1 args
[2022-06-09 23:16:53Z INFO CommandLineParser] parsing argument
[2022-06-09 23:16:53Z INFO CommandLineParser] HasArgs: False
[2022-06-09 23:16:53Z INFO CommandLineParser] Adding Command: run
[2022-06-09 23:16:53Z INFO Listener] Arguments parsed
[2022-06-09 23:16:53Z INFO Runner] ExecuteCommand
[2022-06-09 23:16:53Z INFO ConfigurationStore] currentAssemblyLocation: C:\codespace\2022\learn_git_actions\actions-runner\bin\Runner.Listener.dll
[2022-06-09 23:16:53Z INFO HostContext] Well known directory 'Bin': 'C:\codespace\2022\learn_git_actions\actions-runner\bin'
[2022-06-09 23:16:53Z INFO ConfigurationStore] binPath: C:\codespace\2022\learn_git_actions\actions-runner\bin
[2022-06-09 23:16:53Z INFO HostContext] Well known directory 'Bin': 'C:\codespace\2022\learn_git_actions\actions-runner\bin'
[2022-06-09 23:16:53Z INFO HostContext] Well known directory 'Root': 'C:\codespace\2022\learn_git_actions\actions-runner'
[2022-06-09 23:16:53Z INFO ConfigurationStore] RootFolder: C:\codespace\2022\learn_git_actions\actions-runner
[2022-06-09 23:16:53Z INFO HostContext] Well known directory 'Bin': 'C:\codespace\2022\learn_git_actions\actions-runner\bin'
[2022-06-09 23:16:53Z INFO HostContext] Well known directory 'Root': 'C:\codespace\2022\learn_git_actions\actions-runner'
[2022-06-09 23:16:53Z INFO HostContext] Well known config file 'Runner': 'C:\codespace\2022\learn_git_actions\actions-runner\.runner'
[2022-06-09 23:16:53Z INFO ConfigurationStore] ConfigFilePath: C:\codespace\2022\learn_git_actions\actions-runner\.runner
[2022-06-09 23:16:53Z INFO HostContext] Well known directory 'Bin': 'C:\codespace\2022\learn_git_actions\actions-runner\bin'
[2022-06-09 23:16:53Z INFO HostContext] Well known directory 'Root': 'C:\codespace\2022\learn_git_actions\actions-runner'
[2022-06-09 23:16:53Z INFO HostContext] Well known config file 'Credentials': 'C:\codespace\2022\learn_git_actions\actions-runner\.credentials'
[2022-06-09 23:16:53Z INFO ConfigurationStore] CredFilePath: C:\codespace\2022\learn_git_actions\actions-runner\.credentials
[2022-06-09 23:16:53Z INFO HostContext] Well known directory 'Bin': 'C:\codespace\2022\learn_git_actions\actions-runner\bin'
[2022-06-09 23:16:53Z INFO HostContext] Well known directory 'Root': 'C:\codespace\2022\learn_git_actions\actions-runner'
[2022-06-09 23:16:53Z INFO HostContext] Well known config file 'MigratedCredentials': 'C:\codespace\2022\learn_git_actions\actions-runner\.credentials_migrated'
[2022-06-09 23:16:53Z INFO ConfigurationStore] MigratedCredFilePath: C:\codespace\2022\learn_git_actions\actions-runner\.credentials_migrated
[2022-06-09 23:16:53Z INFO HostContext] Well known directory 'Bin': 'C:\codespace\2022\learn_git_actions\actions-runner\bin'
[2022-06-09 23:16:53Z INFO HostContext] Well known directory 'Root': 'C:\codespace\2022\learn_git_actions\actions-runner'
[2022-06-09 23:16:53Z INFO HostContext] Well known config file 'Service': 'C:\codespace\2022\learn_git_actions\actions-runner\.service'
[2022-06-09 23:16:53Z INFO ConfigurationStore] ServiceConfigFilePath: C:\codespace\2022\learn_git_actions\actions-runner\.service
[2022-06-09 23:16:53Z INFO CommandSettings] Flag 'help': 'False'
[2022-06-09 23:16:53Z INFO CommandSettings] Flag 'version': 'False'
[2022-06-09 23:16:53Z INFO CommandSettings] Flag 'commit': 'False'
[2022-06-09 23:16:53Z INFO CommandSettings] Flag 'check': 'False'
[2022-06-09 23:16:53Z INFO CommandSettings] Command 'configure': 'False'
[2022-06-09 23:16:53Z INFO CommandSettings] Command 'remove': 'False'
[2022-06-09 23:16:53Z INFO CommandSettings] Command 'warmup': 'False'
[2022-06-09 23:16:53Z INFO ConfigurationManager] LoadSettings
[2022-06-09 23:16:53Z INFO ConfigurationStore] IsConfigured()
[2022-06-09 23:16:53Z INFO ConfigurationStore] IsConfigured: True
[2022-06-09 23:16:53Z INFO ConfigurationManager] Is configured: True
[2022-06-09 23:16:53Z INFO ConfigurationStore] Read setting file: 315 chars
[2022-06-09 23:16:53Z INFO ConfigurationManager] Settings Loaded
[2022-06-09 23:16:53Z INFO ConfigurationStore] IsServiceConfigured()
[2022-06-09 23:16:53Z INFO ConfigurationStore] IsServiceConfigured: False
[2022-06-09 23:16:53Z INFO CommandSettings] Command 'run': 'True'
[2022-06-09 23:16:53Z INFO ConfigurationStore] IsConfigured()
[2022-06-09 23:16:53Z INFO ConfigurationStore] IsConfigured: True
[2022-06-09 23:16:53Z INFO ConfigurationManager] Is configured: True
[2022-06-09 23:16:53Z INFO Runner] Could not parse the argument value '' for StartupType. Defaulting to Manual
[2022-06-09 23:16:53Z INFO Runner] Set runner startup type - Manual
[2022-06-09 23:16:53Z INFO CommandSettings] Flag 'once': 'False'
[2022-06-09 23:16:53Z INFO CommandSettings] Flag 'once': 'False'
[2022-06-09 23:16:53Z INFO Runner] RunAsync
[2022-06-09 23:16:53Z INFO ConfigurationManager] LoadSettings
[2022-06-09 23:16:53Z INFO ConfigurationStore] IsConfigured()
[2022-06-09 23:16:53Z INFO ConfigurationStore] IsConfigured: True
[2022-06-09 23:16:53Z INFO ConfigurationManager] Is configured: True
[2022-06-09 23:16:53Z INFO ConfigurationManager] Settings Loaded
[2022-06-09 23:16:53Z INFO MessageListener] {
  "AgentId": 21,
  "AgentName": "nms-test-runner",
  "PoolId": 1,
  "PoolName": "Default",
  "ServerUrl": "https://pipelines.actions.githubusercontent.com/NCiORR8rfrff9QH6LM1YuwgjQpw58yF0dXmBPt9nwtoiqbJQDk",
  "GitHubUrl": "https://github.com/paulciou-atop/test_github_actions2",
  "WorkFolder": "_work"
}
[2022-06-09 23:16:53Z INFO MessageListener] Loading Credentials
[2022-06-09 23:16:53Z INFO ConfigurationStore] HasCredentials()
[2022-06-09 23:16:53Z INFO ConfigurationStore] stored True
[2022-06-09 23:16:53Z INFO CredentialManager] GetCredentialProvider
[2022-06-09 23:16:53Z INFO CredentialManager] Creating type OAuth
[2022-06-09 23:16:53Z INFO CredentialManager] Creating credential type: OAuth
[2022-06-09 23:16:53Z INFO HostContext] Well known directory 'Bin': 'C:\codespace\2022\learn_git_actions\actions-runner\bin'
[2022-06-09 23:16:53Z INFO HostContext] Well known directory 'Root': 'C:\codespace\2022\learn_git_actions\actions-runner'
[2022-06-09 23:16:53Z INFO HostContext] Well known config file 'RSACredentials': 'C:\codespace\2022\learn_git_actions\actions-runner\.credentials_rsaparams'
[2022-06-09 23:16:53Z INFO RSAEncryptedFileKeyManager] Loading RSA key parameters from file C:\codespace\2022\learn_git_actions\actions-runner\.credentials_rsaparams
[2022-06-09 23:16:53Z INFO MessageListener] Attempt to create session.
[2022-06-09 23:16:53Z INFO MessageListener] Connecting to the Runner Server...
[2022-06-09 23:16:53Z INFO RunnerServer] Establish connection with 100 seconds timeout.
[2022-06-09 23:16:53Z INFO GitHubActionsService] Starting operation Location.GetConnectionData
[2022-06-09 23:16:53Z INFO RunnerServer] Establish connection with 60 seconds timeout.
[2022-06-09 23:16:53Z INFO GitHubActionsService] Starting operation Location.GetConnectionData
[2022-06-09 23:16:53Z INFO RunnerServer] Establish connection with 60 seconds timeout.
[2022-06-09 23:16:53Z INFO GitHubActionsService] Starting operation Location.GetConnectionData
[2022-06-09 23:16:54Z INFO GitHubActionsService] Finished operation Location.GetConnectionData
[2022-06-09 23:16:54Z INFO GitHubActionsService] Finished operation Location.GetConnectionData
[2022-06-09 23:16:54Z INFO GitHubActionsService] Finished operation Location.GetConnectionData
[2022-06-09 23:16:54Z INFO MessageListener] VssConnection created
[2022-06-09 23:16:54Z INFO Terminal] WRITE LINE: 
[2022-06-09 23:16:54Z INFO Terminal] WRITE LINE: 
[2022-06-09 23:16:54Z WARN GitHubActionsService] Authentication failed with status code 401.
Transfer-Encoding: chunked
WWW-Authenticate: Bearer
Strict-Transport-Security: max-age=2592000
X-TFS-ProcessId: bf132474-a824-4e33-822c-88789524f0c6
ActivityId: 600905b3-34cf-44c3-af16-5778baa3375c
X-TFS-Session: cbbb8e40-0dbc-447b-93af-afbc31ba0998
X-VSS-E2EID: 6a9434a7-77d9-4e80-a857-28306a8938a3
X-VSS-SenderDeploymentId: 6be79bb9-f6f7-24a7-0b27-e718f2ab4200
X-TFS-ServiceError: The+user+%27System%3aPublicAccess%3baaaaaaaa-aaaa-aaaa-aaaa-aaaaaaaaaaaa%27+is+not+authorized+to+access+this+resource.
X-VSS-S2STargetService: 0000005A-0000-8888-8000-000000000000/visualstudio.com
X-Cache: CONFIG_NOCACHE
X-MSEdge-Ref: Ref A: 8B691D14AC6B461EB62189F5C16AA52E Ref B: TPE31EDGE0714 Ref C: 2022-06-09T23:16:54Z
Date: Thu, 09 Jun 2022 23:16:54 GMT

[2022-06-09 23:16:54Z INFO RSAEncryptedFileKeyManager] Loading RSA key parameters from file C:\codespace\2022\learn_git_actions\actions-runner\.credentials_rsaparams
[2022-06-09 23:16:54Z INFO RSAEncryptedFileKeyManager] Loading RSA key parameters from file C:\codespace\2022\learn_git_actions\actions-runner\.credentials_rsaparams
[2022-06-09 23:16:55Z INFO GitHubActionsService] AAD Correlation ID for this token request: Unknown
[2022-06-09 23:16:55Z INFO MessageListener] Session created.
[2022-06-09 23:16:55Z INFO Terminal] WRITE LINE: Current runner version: '2.292.0'
[2022-06-09 23:16:55Z INFO Terminal] WRITE LINE: 2022-06-09 23:16:55Z: Listening for Jobs
[2022-06-09 23:16:55Z INFO JobDispatcher] Set runner/worker IPC timeout to 30 seconds.
